2020-03-22 22:05:10:下载成功！
2020-03-22 22:10:07:下载失败！
2020-03-22 22:10:08:下载失败！
2020-03-22 22:10:34:下载失败！
2020-03-22 22:10:35:下载失败！
2020-03-22 22:10:36:下载失败！
2020-03-22 22:12:36:下载成功！
2020-03-22 22:16:39:下载成功！
2020-03-22 22:17:46:下载成功！
2020-03-22 23:58:16:下载成功！
2020-03-23 12:43:24:下载成功！
2020-03-23 15:23:47:下载成功！
2020-03-24 17:59:18:下载成功！
2020-03-25 11:00:45:下载成功！
2020-03-26 10:47:27:下载成功！
2020-03-26 11:56:01:下载成功！
2020-03-26 15:29:46:下载成功！
2020-03-27 16:59:05:下载成功！
2020-03-27 17:02:50:下载成功！
2020-04-20 14:48:05:下载成功！
2020-05-03 11:40:09:下载成功！
2020-05-03 12:44:12:文件是最新的，创建时间在10之内。
2020-05-03 12:44:12:下载成功！
2020-05-03 15:12:46:文件是最新的，创建时间在11秒之内。
2020-05-03 15:12:47:下载成功！
2020-05-03 15:19:58:文件是最新的，创建时间在12秒之内。
2020-05-03 15:19:58:下载成功！
2020-06-05 13:52:50:文件是最新的，创建时间在7秒之内。
2020-06-05 13:52:50:下载成功！
2020-06-05 14:09:14:文件是最新的，创建时间在12秒之内。
2020-06-05 14:09:14:下载成功！
2020-06-12 12:58:12:文件是最新的，创建时间在11秒之内。
2020-06-12 12:58:12:下载成功！
2020-06-12 13:17:41:文件是最新的，创建时间在12秒之内。
2020-06-12 13:17:41:下载成功！
2020-06-12 14:04:50:文件是最新的，创建时间在12秒之内。
2020-06-12 14:04:50:下载成功！
2020-06-12 15:12:15:文件是最新的，创建时间在12秒之内。
2020-06-12 15:12:15:下载成功！
2020-06-12 22:03:10:文件是最新的，创建时间在9秒之内。
2020-06-12 22:03:10:下载成功！
2020-06-13 08:26:10:文件是最新的，创建时间在8秒之内。
2020-06-13 08:26:10:下载成功！
2020-06-13 10:22:14:文件是最新的，创建时间在11秒之内。
2020-06-13 10:22:14:下载成功！
2020-06-15 14:59:42:文件是最新的，创建时间在11秒之内。
2020-06-15 14:59:42:下载成功！
2020-06-15 15:16:45:文件是最新的，创建时间在11秒之内。
2020-06-15 15:16:45:下载成功！
2020-06-15 15:17:34:文件是最新的，创建时间在11秒之内。
2020-06-15 15:17:34:下载成功！
2020-07-19 17:25:56:文件是最新的，创建时间在10秒之内。
2020-07-19 17:25:56:下载成功！
2020-07-19 17:28:27:文件是最新的，创建时间在9秒之内。
2020-07-19 17:28:27:下载成功！
2020-07-19 17:31:29:文件是最新的，创建时间在9秒之内。
2020-07-19 17:31:29:下载成功！
2020-07-19 17:33:01:文件是最新的，创建时间在11秒之内。
2020-07-19 17:33:01:下载成功！
2020-07-19 17:34:02:文件是最新的，创建时间在9秒之内。
2020-07-19 17:34:02:下载成功！
2020-07-19 17:46:47:文件是最新的，创建时间在8秒之内。
2020-07-19 17:46:47:下载成功！
2020-07-19 17:49:21:文件是最新的，创建时间在10秒之内。
2020-07-19 17:49:21:下载成功！
2020-07-19 17:51:39:文件是最新的，创建时间在12秒之内。
2020-07-19 17:51:39:下载成功！
2020-07-19 22:13:20:文件是最新的，创建时间在11秒之内。
2020-07-19 22:13:20:下载成功！
2020-07-19 22:16:28:文件是最新的，创建时间在9秒之内。
2020-07-19 22:16:28:下载成功！
2020-07-19 22:17:57:文件是最新的，创建时间在12秒之内。
2020-07-19 22:17:57:下载成功！
2020-07-19 22:19:14:文件是最新的，创建时间在12秒之内。
2020-07-19 22:19:14:下载成功！
2020-07-19 22:43:36:文件是最新的，创建时间在12秒之内。
2020-07-19 22:43:36:下载成功！
2020-07-19 22:48:02:文件是最新的，创建时间在11秒之内。
2020-07-19 22:48:02:下载成功！
2020-07-20 06:55:43:文件是最新的，创建时间在12秒之内。
2020-07-20 06:55:43:下载成功！
2020-07-20 06:56:46:文件是最新的，创建时间在12秒之内。
2020-07-20 06:56:46:下载成功！
2020-07-20 06:57:59:文件是最新的，创建时间在12秒之内。
2020-07-20 06:57:59:下载成功！
2020-07-21 10:31:07:文件是最新的，创建时间在9秒之内。
2020-07-21 10:31:07:下载成功！
2020-07-21 10:31:58:文件是最新的，创建时间在9秒之内。
2020-07-21 10:31:58:下载成功！
2020-07-21 11:53:30:文件是最新的，创建时间在12秒之内。
2020-07-21 11:53:31:下载成功！
2020-09-03 22:08:39:文件是最新的，创建时间在10秒之内。
2020-09-03 22:08:39:下载成功！
2020-09-04 17:30:48:文件是最新的，创建时间在11秒之内。
2020-09-04 17:30:52:下载成功！
2020-09-04 17:32:39:文件是最新的，创建时间在9秒之内。
2020-09-04 17:32:39:下载成功！
2020-09-04 18:11:00:Message: session not created: This version of ChromeDriver only supports Chrome version 80

2020-09-04 18:11:16:Finished to upgrade chrome driver!
2020-09-04 18:12:22:文件是最新的，创建时间在17秒之内。
2020-09-04 18:12:31:下载成功！
2020-09-04 18:17:19:文件是最新的，创建时间在11秒之内。
2020-09-04 18:17:19:下载成功！
2020-09-19 14:08:26:Finished to upgrade chrome driver!
2020-09-19 14:12:18:'NoneType' object has no attribute 'click'
2020-09-19 14:13:11:Finished to upgrade chrome driver!
2020-09-19 14:22:37:Finished to upgrade chrome driver!
2020-09-19 14:53:12:Finished to upgrade chrome driver!
2020-09-19 15:01:36:Finished to upgrade chrome driver!
2020-09-19 15:08:52:Finished to upgrade chrome driver!
2020-09-19 15:11:15:Finished to upgrade chrome driver!
2020-09-19 15:12:17:文件是最新的，创建时间在14秒之内。
2020-09-19 15:12:17:下载成功！
2020-09-19 15:19:01:Finished to upgrade chrome driver!
2020-09-19 15:21:38:Finished to upgrade chrome driver!
2020-09-19 15:22:28:文件是最新的，创建时间在11秒之内。
2020-09-19 15:22:28:下载成功！
2020-09-19 15:26:37:Finished to upgrade chrome driver!
2020-09-19 15:27:23:文件是最新的，创建时间在11秒之内。
2020-09-19 15:27:23:下载成功！
2020-09-19 15:33:11:Finished to upgrade chrome driver!
2020-09-19 15:34:12:文件是最新的，创建时间在11秒之内。
2020-09-19 15:34:13:下载成功！
2020-09-19 15:44:54:Finished to upgrade chrome driver!
2020-09-19 15:45:41:文件是最新的，创建时间在10秒之内。
2020-09-19 15:45:41:下载成功！
